
Circuit 1 cell sky130_fd_pr__nfet_g5v0d10v5 and Circuit 2 cell sky130_fd_pr__nfet_g5v0d10v5 are black boxes.
Warning: Equate pins:  cell sky130_fd_pr__nfet_g5v0d10v5 is a placeholder, treated as a black box.
Warning: Equate pins:  cell sky130_fd_pr__nfet_g5v0d10v5 is a placeholder, treated as a black box.

Subcircuit pins:
Circuit 1: sky130_fd_pr__nfet_g5v0d10v5    |Circuit 2: sky130_fd_pr__nfet_g5v0d10v5    
-------------------------------------------|-------------------------------------------
1                                          |1                                          
2                                          |2                                          
3                                          |3                                          
4                                          |4                                          
---------------------------------------------------------------------------------------
Cell pin lists are equivalent.
Device classes sky130_fd_pr__nfet_g5v0d10v5 and sky130_fd_pr__nfet_g5v0d10v5 are equivalent.

Circuit 1 cell sky130_fd_pr__pfet_g5v0d10v5 and Circuit 2 cell sky130_fd_pr__pfet_g5v0d10v5 are black boxes.
Warning: Equate pins:  cell sky130_fd_pr__pfet_g5v0d10v5 is a placeholder, treated as a black box.
Warning: Equate pins:  cell sky130_fd_pr__pfet_g5v0d10v5 is a placeholder, treated as a black box.

Subcircuit pins:
Circuit 1: sky130_fd_pr__pfet_g5v0d10v5    |Circuit 2: sky130_fd_pr__pfet_g5v0d10v5    
-------------------------------------------|-------------------------------------------
1                                          |1                                          
2                                          |2                                          
3                                          |3                                          
4                                          |4                                          
---------------------------------------------------------------------------------------
Cell pin lists are equivalent.
Device classes sky130_fd_pr__pfet_g5v0d10v5 and sky130_fd_pr__pfet_g5v0d10v5 are equivalent.

Circuit 1 cell sky130_fd_pr__res_high_po_1p41 and Circuit 2 cell sky130_fd_pr__res_high_po_1p41 are black boxes.
Warning: Equate pins:  cell sky130_fd_pr__res_high_po_1p41 is a placeholder, treated as a black box.
Warning: Equate pins:  cell sky130_fd_pr__res_high_po_1p41 is a placeholder, treated as a black box.

Subcircuit pins:
Circuit 1: sky130_fd_pr__res_high_po_1p41  |Circuit 2: sky130_fd_pr__res_high_po_1p41  
-------------------------------------------|-------------------------------------------
1                                          |1                                          
2                                          |2                                          
3                                          |3                                          
---------------------------------------------------------------------------------------
Cell pin lists are equivalent.
Device classes sky130_fd_pr__res_high_po_1p41 and sky130_fd_pr__res_high_po_1p41 are equivalent.

Class comparator_bias (0):  Merged 6 parallel devices.
Class comparator_bias (0):  Merged 6 series devices.
Subcircuit summary:
Circuit 1: comparator_bias                 |Circuit 2: comparator_bias                 
-------------------------------------------|-------------------------------------------
sky130_fd_pr__res_high_po_1p41 (7->1)      |sky130_fd_pr__res_high_po_1p41 (1)         
sky130_fd_pr__nfet_g5v0d10v5 (6)           |sky130_fd_pr__nfet_g5v0d10v5 (6)           
sky130_fd_pr__pfet_g5v0d10v5 (10->4)       |sky130_fd_pr__pfet_g5v0d10v5 (4)           
Number of devices: 11                      |Number of devices: 11                      
Number of nets: 8                          |Number of nets: 8                          
---------------------------------------------------------------------------------------
Netlists match uniquely.

Subcircuit pins:
Circuit 1: comparator_bias                 |Circuit 2: comparator_bias                 
-------------------------------------------|-------------------------------------------
ena3v3                                     |ena3v3                                     
VBN                                        |VBN                                        
VSS                                        |VSS                                        
VDD                                        |VDD                                        
VBP                                        |VBP                                        
---------------------------------------------------------------------------------------
Cell pin lists are equivalent.
Device classes comparator_bias and comparator_bias are equivalent.
Flattening unmatched subcell sky130_fd_pr__nfet_g5v0d10v5_99SHXG in circuit comparator_core (0)(1 instance)
Flattening unmatched subcell sky130_fd_pr__pfet_g5v0d10v5_HHDTQV in circuit comparator_core (0)(1 instance)
Flattening unmatched subcell sky130_fd_pr__nfet_g5v0d10v5_H9Q64V in circuit comparator_core (0)(1 instance)
Flattening unmatched subcell sky130_fd_pr__pfet_g5v0d10v5_SK4LJA in circuit comparator_core (0)(2 instances)
Flattening unmatched subcell sky130_fd_pr__pfet_g5v0d10v5_VKQJ4Z in circuit comparator_core (0)(1 instance)
Flattening unmatched subcell sky130_fd_pr__nfet_g5v0d10v5_CNFY23 in circuit comparator_core (0)(2 instances)
Flattening unmatched subcell sky130_fd_pr__nfet_g5v0d10v5_FXMKC5 in circuit comparator_core (0)(1 instance)
Flattening unmatched subcell sky130_fd_pr__pfet_g5v0d10v5_H998DU in circuit comparator_core (0)(1 instance)

Class comparator_core (0):  Merged 68 parallel devices.
Subcircuit summary:
Circuit 1: comparator_core                 |Circuit 2: comparator_core                 
-------------------------------------------|-------------------------------------------
sky130_fd_pr__nfet_g5v0d10v5 (49->15)      |sky130_fd_pr__nfet_g5v0d10v5 (41->15)      
sky130_fd_pr__pfet_g5v0d10v5 (48->14)      |sky130_fd_pr__pfet_g5v0d10v5 (40->15) **Mi 
Number of devices: 29 **Mismatch**         |Number of devices: 30 **Mismatch**         
Number of nets: 21 **Mismatch**            |Number of nets: 22 **Mismatch**            
---------------------------------------------------------------------------------------
NET mismatches: Class fragments follow (with fanout counts):
Circuit 1: comparator_core                 |Circuit 2: comparator_core                 

---------------------------------------------------------------------------------------
Net: VDD                                   |Net: VDD                                   
  sky130_fd_pr__pfet_g5v0d10v5/(1|3) = 11  |  sky130_fd_pr__pfet_g5v0d10v5/(1|3) = 12  
  sky130_fd_pr__pfet_g5v0d10v5/4 = 14      |  sky130_fd_pr__pfet_g5v0d10v5/4 = 15      
  sky130_fd_pr__pfet_g5v0d10v5/2 = 2       |  sky130_fd_pr__pfet_g5v0d10v5/2 = 2       
                                           |                                           
Net: voutanalog                            |Net: VOUTANALOG                            
  sky130_fd_pr__pfet_g5v0d10v5/(1|3) = 2   |  sky130_fd_pr__pfet_g5v0d10v5/(1|3) = 3   
  sky130_fd_pr__nfet_g5v0d10v5/(1|3) = 2   |  sky130_fd_pr__nfet_g5v0d10v5/(1|3) = 2   
  sky130_fd_pr__pfet_g5v0d10v5/2 = 1       |  sky130_fd_pr__pfet_g5v0d10v5/2 = 1       
  sky130_fd_pr__nfet_g5v0d10v5/2 = 1       |  sky130_fd_pr__nfet_g5v0d10v5/2 = 1       
                                           |                                           
(no matching net)                          |Net: ena3v3                                
                                           |  sky130_fd_pr__pfet_g5v0d10v5/2 = 1       
---------------------------------------------------------------------------------------
DEVICE mismatches: Class fragments follow (with node fanout counts):
Circuit 1: comparator_core                 |Circuit 2: comparator_core                 

---------------------------------------------------------------------------------------
Instance: sky130_fd_pr__pfet_g5v0d10v5:0   |Instance: sky130_fd_pr__pfet_g5v0d10v5:M26 
  (1,3) = (27,27)                          |  (1,3) = (29,29)                          
  2 = 27                                   |  2 = 29                                   
  4 = 27                                   |  4 = 29                                   
                                           |                                           
(no matching instance)                     |Instance: sky130_fd_pr__pfet_g5v0d10v5:M30 
                                           |  (1,3) = (29,7)                           
                                           |  2 = 1                                    
                                           |  4 = 29                                   
                                           |                                           
---------------------------------------------------------------------------------------
Netlists do not match.
Port matching may fail to disambiguate symmetries.
  Flattening non-matched subcircuits comparator_core comparator_core
Flattening unmatched subcell sky130_fd_sc_hvl__lsbuflv2hv_1 in circuit sky130_ef_ip__ccomp3v (1)(1 instance)

Cell sky130_ef_ip__ccomp3v (0) disconnected node: DVSS
Cell sky130_ef_ip__ccomp3v (1) disconnected node: DVSS
Class sky130_ef_ip__ccomp3v (1):  Merged 8 parallel devices.
Cell sky130_ef_ip__ccomp3v (0) disconnected node: DVSS
Cell sky130_ef_ip__ccomp3v (1) disconnected node: DVSS
Subcircuit summary:
Circuit 1: sky130_ef_ip__ccomp3v           |Circuit 2: sky130_ef_ip__ccomp3v           
-------------------------------------------|-------------------------------------------
comparator_bias (1)                        |comparator_bias (1)                        
sky130_fd_pr__nfet_g5v0d10v5 (49->15)      |sky130_fd_pr__nfet_g5v0d10v5 (53->19) **Mi 
sky130_fd_pr__pfet_g5v0d10v5 (48->14)      |sky130_fd_pr__pfet_g5v0d10v5 (44->19) **Mi 
(no matching element)                      |sky130_fd_pr__nfet_01v8 (2)                
(no matching element)                      |sky130_fd_pr__pfet_01v8_hvt (2)            
Number of devices: 30 **Mismatch**         |Number of devices: 43 **Mismatch**         
Number of nets: 22 **Mismatch**            |Number of nets: 28 **Mismatch**            
---------------------------------------------------------------------------------------
NET mismatches: Class fragments follow (with fanout counts):
Circuit 1: sky130_ef_ip__ccomp3v           |Circuit 2: sky130_ef_ip__ccomp3v           

---------------------------------------------------------------------------------------
Net: VSS                                   |Net: VSS                                   
  comparator_bias/VSS = 1                  |  comparator_bias/VSS = 1                  
  sky130_fd_pr__nfet_g5v0d10v5/(1|3) = 12  |  sky130_fd_pr__nfet_g5v0d10v5/(1|3) = 16  
  sky130_fd_pr__nfet_g5v0d10v5/4 = 15      |  sky130_fd_pr__nfet_g5v0d10v5/4 = 19      
  sky130_fd_pr__nfet_g5v0d10v5/2 = 2       |  sky130_fd_pr__nfet_g5v0d10v5/2 = 2       
                                           |  sky130_fd_pr__nfet_01v8/(1|3) = 2        
                                           |  sky130_fd_pr__nfet_01v8/4 = 2            
                                           |                                           
Net: VDD                                   |Net: VDD                                   
  sky130_fd_pr__pfet_g5v0d10v5/(1|3) = 11  |  sky130_fd_pr__pfet_g5v0d10v5/(1|3) = 16  
  sky130_fd_pr__pfet_g5v0d10v5/4 = 14      |  sky130_fd_pr__pfet_g5v0d10v5/4 = 19      
  sky130_fd_pr__pfet_g5v0d10v5/2 = 2       |  sky130_fd_pr__pfet_g5v0d10v5/2 = 2       
  comparator_bias/VDD = 1                  |  comparator_bias/VDD = 1                  
                                           |                                           
Net: comparator_bias_0/ena3v3              |Net: sky130_fd_sc_hvl__lsbuflv2hv_1:3/a_17 
  comparator_bias/ena3v3 = 1               |  sky130_fd_pr__pfet_g5v0d10v5/2 = 1       
                                           |  sky130_fd_pr__nfet_g5v0d10v5/2 = 1       
                                           |  sky130_fd_pr__pfet_g5v0d10v5/(1|3) = 1   
                                           |  sky130_fd_pr__nfet_g5v0d10v5/(1|3) = 1   
                                           |                                           
Net: DVDD                                  |Net: DVDD                                  
  sky130_fd_pr__pfet_g5v0d10v5/(1|3) = 1   |  sky130_fd_pr__pfet_g5v0d10v5/(1|3) = 1   
                                           |  sky130_fd_pr__pfet_01v8_hvt/(1|3) = 2    
                                           |  sky130_fd_pr__pfet_01v8_hvt/4 = 2        
                                           |                                           
Net: /comparator_core_0/voutanalog         |Net: ENA                                   
  sky130_fd_pr__pfet_g5v0d10v5/(1|3) = 2   |  sky130_fd_pr__nfet_01v8/2 = 1            
  sky130_fd_pr__nfet_g5v0d10v5/(1|3) = 2   |  sky130_fd_pr__pfet_01v8_hvt/2 = 1        
  sky130_fd_pr__pfet_g5v0d10v5/2 = 1       |                                           
  sky130_fd_pr__nfet_g5v0d10v5/2 = 1       |                                           
                                           |                                           
(no matching net)                          |Net: sky130_fd_sc_hvl__lsbuflv2hv_1:3/a_77 
                                           |  sky130_fd_pr__nfet_g5v0d10v5/2 = 1       
                                           |  sky130_fd_pr__nfet_01v8/(1|3) = 1        
                                           |  sky130_fd_pr__pfet_01v8_hvt/(1|3) = 1    
                                           |                                           
(no matching net)                          |Net: sky130_fd_sc_hvl__lsbuflv2hv_1:3/a_11 
                                           |  sky130_fd_pr__nfet_g5v0d10v5/(1|3) = 1   
                                           |  sky130_fd_pr__pfet_g5v0d10v5/2 = 1       
                                           |  sky130_fd_pr__pfet_g5v0d10v5/(1|3) = 1   
                                           |                                           
(no matching net)                          |Net: ena3v3                                
                                           |  sky130_fd_pr__pfet_g5v0d10v5/2 = 1       
                                           |  comparator_bias/ena3v3 = 1               
                                           |  sky130_fd_pr__pfet_g5v0d10v5/(1|3) = 1   
                                           |  sky130_fd_pr__nfet_g5v0d10v5/(1|3) = 1   
                                           |                                           
(no matching net)                          |Net: sky130_fd_sc_hvl__lsbuflv2hv_1:3/a_40 
                                           |  sky130_fd_pr__nfet_g5v0d10v5/2 = 1       
                                           |  sky130_fd_pr__nfet_01v8/(1|3) = 1        
                                           |  sky130_fd_pr__nfet_01v8/2 = 1            
                                           |  sky130_fd_pr__pfet_01v8_hvt/(1|3) = 1    
                                           |  sky130_fd_pr__pfet_01v8_hvt/2 = 1        
                                           |                                           
(no matching net)                          |Net: sky130_fd_sc_hvl__lsbuflv2hv_1:3/a_50 
                                           |  sky130_fd_pr__nfet_g5v0d10v5/(1|3) = 1   
                                           |  sky130_fd_pr__pfet_g5v0d10v5/(1|3) = 1   
                                           |  sky130_fd_pr__pfet_g5v0d10v5/2 = 2       
                                           |  sky130_fd_pr__nfet_g5v0d10v5/2 = 1       
                                           |                                           
(no matching net)                          |Net: comparator_core:1/VOUTANALOG          
                                           |  sky130_fd_pr__pfet_g5v0d10v5/(1|3) = 3   
                                           |  sky130_fd_pr__nfet_g5v0d10v5/(1|3) = 2   
                                           |  sky130_fd_pr__pfet_g5v0d10v5/2 = 1       
                                           |  sky130_fd_pr__nfet_g5v0d10v5/2 = 1       
---------------------------------------------------------------------------------------
DEVICE mismatches: Class fragments follow (with node fanout counts):
Circuit 1: sky130_ef_ip__ccomp3v           |Circuit 2: sky130_ef_ip__ccomp3v           

---------------------------------------------------------------------------------------
Instance: comparator_core_0/sky130_fd_pr__ |Instance: comparator_core:1/sky130_fd_pr__ 
  (1,3) = (30,30)                          |  (1,3) = (42,42)                          
  2 = 30                                   |  2 = 42                                   
  4 = 30                                   |  4 = 42                                   
                                           |                                           
Instance: comparator_core_0/sky130_fd_pr__ |Instance: sky130_fd_sc_hvl__lsbuflv2hv_1:3 
  (1,3) = (28,28)                          |  (1,3) = (42,5)                           
  2 = 28                                   |  2 = 5                                    
  4 = 28                                   |  4 = 42                                   
                                           |                                           
(no matching instance)                     |Instance: sky130_fd_sc_hvl__lsbuflv2hv_1:3 
                                           |  (1,3) = (42,4)                           
                                           |  2 = 4                                    
                                           |  4 = 42                                   
                                           |                                           
                                           |                                           
(no matching instance)                     |Instance: sky130_fd_sc_hvl__lsbuflv2hv_1:3 
                                           |  (1,3) = (42,3)                           
                                           |  2 = 3                                    
                                           |  4 = 42                                   
                                           |                                           
                                           |                                           
(no matching instance)                     |Instance: sky130_fd_sc_hvl__lsbuflv2hv_1:3 
                                           |  (1,3) = (42,4)                           
                                           |  2 = 5                                    
                                           |  4 = 42                                   
                                           |                                           
                                           |                                           
(no matching instance)                     |Instance: comparator_core:1/sky130_fd_pr__ 
                                           |  (1,3) = (38,38)                          
                                           |  2 = 38                                   
                                           |  4 = 38                                   
                                           |                                           
                                           |                                           
(no matching instance)                     |Instance: comparator_core:1/sky130_fd_pr__ 
                                           |  (1,3) = (38,7)                           
                                           |  2 = 4                                    
                                           |  4 = 38                                   
                                           |                                           
                                           |                                           
(no matching instance)                     |Instance: sky130_fd_sc_hvl__lsbuflv2hv_1:3 
                                           |  (1,3) = (38,4)                           
                                           |  2 = 4                                    
                                           |  4 = 38                                   
                                           |                                           
                                           |                                           
(no matching instance)                     |Instance: sky130_fd_sc_hvl__lsbuflv2hv_1:3 
                                           |  (1,3) = (38,5)                           
                                           |  2 = 3                                    
                                           |  4 = 38                                   
                                           |                                           
                                           |                                           
(no matching instance)                     |Instance: sky130_fd_sc_hvl__lsbuflv2hv_1:3 
                                           |  (1,3) = (38,4)                           
                                           |  2 = 5                                    
                                           |  4 = 38                                   
                                           |                                           
                                           |                                           
(no matching instance)                     |Instance: sky130_fd_sc_hvl__lsbuflv2hv_1:3 
                                           |  (1,3) = (38,3)                           
                                           |  2 = 5                                    
                                           |  4 = 38                                   
                                           |                                           
                                           |                                           
(no matching instance)                     |Instance: sky130_fd_sc_hvl__lsbuflv2hv_1:3 
                                           |  (1,3) = (42,5)                           
                                           |  2 = 2                                    
                                           |  4 = 42                                   
                                           |                                           
                                           |                                           
(no matching instance)                     |Instance: sky130_fd_sc_hvl__lsbuflv2hv_1:3 
                                           |  (1,3) = (42,3)                           
                                           |  2 = 5                                    
                                           |  4 = 42                                   
                                           |                                           
                                           |                                           
(no matching instance)                     |Instance: sky130_fd_sc_hvl__lsbuflv2hv_1:3 
                                           |  (1,3) = (5,5)                            
                                           |  2 = 2                                    
                                           |  4 = 5                                    
                                           |                                           
                                           |                                           
(no matching instance)                     |Instance: sky130_fd_sc_hvl__lsbuflv2hv_1:3 
                                           |  (1,3) = (5,3)                            
                                           |  2 = 5                                    
                                           |  4 = 5                                    
                                           |                                           
---------------------------------------------------------------------------------------
Netlists do not match.
Port matching may fail to disambiguate symmetries.

Subcircuit pins:
Circuit 1: sky130_ef_ip__ccomp3v           |Circuit 2: sky130_ef_ip__ccomp3v           
-------------------------------------------|-------------------------------------------
VSS                                        |(no pin, node is sky130_fd_sc_hvl__lsbuflv 
VDD                                        |(no pin, node is sky130_fd_sc_hvl__lsbuflv 
DVDD                                       |(no pin, node is ena3v3)                   
VINP                                       |VINP                                       
VINM                                       |VINM                                       
VOUT                                       |VOUT                                       
DVSS                                       |DVSS                                       
(no pin, node is /comparator_core_0/voutan |DVDD                                       
(no pin, node is /comparator_core_0/voutan |VDD                                        
(no pin, node is /comparator_core_0/voutan |VSS                                        
(no pin, node is /comparator_core_0/voutan |ENA                                        
---------------------------------------------------------------------------------------
Cell pin lists for sky130_ef_ip__ccomp3v and sky130_ef_ip__ccomp3v altered to match.
Device classes sky130_ef_ip__ccomp3v and sky130_ef_ip__ccomp3v are equivalent.

Final result: Top level cell failed pin matching.
